app/build/intermediates/manifest_merge_blame_file/debug/manifest-merger-blame-debug-report.txt
1<?xml version="1.0" encoding="utf-8"?>
2<manifest xmlns:android="http://schemas.android.com/apk/res/android"
3    package="com.example.hucklebucklebuckeye"
4    android:versionCode="1"
5    android:versionName="1.0" >
6
7    <uses-sdk
8        android:minSdkVersion="26"
8-->src\main\AndroidManifest.xml
9        android:targetSdkVersion="29" />
9-->src\main\AndroidManifest.xml
10
11    <uses-permission android:name="android.permission.ACCESS_FINE_LOCATION" />
11-->src\main\AndroidManifest.xml:6:5-79
11-->src\main\AndroidManifest.xml:6:22-76
12
13    <uses-feature
13-->[com.mapbox.mapboxsdk:mapbox-android-sdk:9.0.0] AndroidManifest.xml:9:5-11:35
14        android:glEsVersion="0x00020000"
14-->[com.mapbox.mapboxsdk:mapbox-android-sdk:9.0.0] AndroidManifest.xml:10:9-41
15        android:required="true" />
15-->[com.mapbox.mapboxsdk:mapbox-android-sdk:9.0.0] AndroidManifest.xml:11:9-32
16    <uses-feature
16-->[com.mapbox.mapboxsdk:mapbox-android-sdk:9.0.0] AndroidManifest.xml:12:5-14:36
17        android:name="android.hardware.wifi"
17-->[com.mapbox.mapboxsdk:mapbox-android-sdk:9.0.0] AndroidManifest.xml:13:9-45
18        android:required="false" /> <!-- Implied by ACCESS_WIFI_STATE. -->
18-->[com.mapbox.mapboxsdk:mapbox-android-sdk:9.0.0] AndroidManifest.xml:14:9-33
19    <uses-permission android:name="android.permission.INTERNET" />
19-->[com.mapbox.mapboxsdk:mapbox-android-sdk:9.0.0] AndroidManifest.xml:16:5-67
19-->[com.mapbox.mapboxsdk:mapbox-android-sdk:9.0.0] AndroidManifest.xml:16:22-64
20    <uses-permission android:name="android.permission.ACCESS_NETWORK_STATE" />
20-->[com.mapbox.mapboxsdk:mapbox-android-sdk:9.0.0] AndroidManifest.xml:17:5-79
20-->[com.mapbox.mapboxsdk:mapbox-android-sdk:9.0.0] AndroidManifest.xml:17:22-76
21    <uses-permission android:name="android.permission.ACCESS_WIFI_STATE" /> <!-- Required for CrashReporterJobIntentService on API levels below 25 -->
21-->[com.mapbox.mapboxsdk:mapbox-android-sdk:9.0.0] AndroidManifest.xml:18:5-76
21-->[com.mapbox.mapboxsdk:mapbox-android-sdk:9.0.0] AndroidManifest.xml:18:22-73
22    <uses-permission android:name="android.permission.WAKE_LOCK" />
22-->[com.mapbox.mapboxsdk:mapbox-android-telemetry:4.7.1] AndroidManifest.xml:12:5-68
22-->[com.mapbox.mapboxsdk:mapbox-android-telemetry:4.7.1] AndroidManifest.xml:12:22-65
23
24    <application
24-->src\main\AndroidManifest.xml:8:5-40:19
25        android:allowBackup="true"
25-->src\main\AndroidManifest.xml:9:9-35
26        android:appComponentFactory="androidx.core.app.CoreComponentFactory"
26-->[androidx.core:core:1.0.1] AndroidManifest.xml:22:18-86
27        android:debuggable="true"
28        android:icon="@mipmap/ic_launcher"
28-->src\main\AndroidManifest.xml:10:9-43
29        android:label="@string/app_name"
29-->src\main\AndroidManifest.xml:11:9-41
30        android:roundIcon="@mipmap/ic_launcher_round"
30-->src\main\AndroidManifest.xml:12:9-54
31        android:supportsRtl="true"
31-->src\main\AndroidManifest.xml:13:9-35
32        android:testOnly="true"
33        android:theme="@style/AppTheme" >
33-->src\main\AndroidManifest.xml:14:9-40
34        <activity
34-->src\main\AndroidManifest.xml:16:9-24:20
35            android:name="com.example.hucklebucklebuckeye.ui.login.LoginActivity"
35-->src\main\AndroidManifest.xml:17:13-51
36            android:label="@string/app_name" >
36-->src\main\AndroidManifest.xml:18:13-45
37            <intent-filter>
37-->src\main\AndroidManifest.xml:19:13-23:29
38                <action android:name="android.intent.action.MAIN" />
38-->src\main\AndroidManifest.xml:20:17-69
38-->src\main\AndroidManifest.xml:20:25-66
39
40                <category android:name="android.intent.category.LAUNCHER" />
40-->src\main\AndroidManifest.xml:22:17-77
40-->src\main\AndroidManifest.xml:22:27-74
41            </intent-filter>
42        </activity>
43        <activity
43-->src\main\AndroidManifest.xml:25:9-28:20
44            android:name="com.example.hucklebucklebuckeye.ui.mainmenu.MainMenuActivity"
44-->src\main\AndroidManifest.xml:26:13-57
45            android:label="MainMenu" >
45-->src\main\AndroidManifest.xml:27:13-37
46        </activity>
47        <activity
47-->src\main\AndroidManifest.xml:29:9-32:20
48            android:name="com.example.hucklebucklebuckeye.ui.profile.ProfileActivity"
48-->src\main\AndroidManifest.xml:30:13-55
49            android:label="Profile" >
49-->src\main\AndroidManifest.xml:31:13-36
50        </activity>
51        <activity
51-->src\main\AndroidManifest.xml:33:9-36:20
52            android:name="com.example.hucklebucklebuckeye.ui.history.HistoryActivity"
52-->src\main\AndroidManifest.xml:34:13-55
53            android:label="History" >
53-->src\main\AndroidManifest.xml:35:13-36
54        </activity>
55        <activity
55-->src\main\AndroidManifest.xml:37:9-39:45
56            android:name="com.example.hucklebucklebuckeye.ui.playgame.GameActivity"
56-->src\main\AndroidManifest.xml:38:13-53
57            android:label="Game" />
57-->src\main\AndroidManifest.xml:39:13-33
58
59        <provider
59-->[com.mapbox.mapboxsdk:mapbox-android-telemetry:4.7.1] AndroidManifest.xml:18:9-22:39
60            android:name="com.mapbox.android.telemetry.provider.MapboxTelemetryInitProvider"
60-->[com.mapbox.mapboxsdk:mapbox-android-telemetry:4.7.1] AndroidManifest.xml:19:13-93
61            android:authorities="com.example.hucklebucklebuckeye.mapboxtelemetryinitprovider"
61-->[com.mapbox.mapboxsdk:mapbox-android-telemetry:4.7.1] AndroidManifest.xml:20:13-79
62            android:exported="false"
62-->[com.mapbox.mapboxsdk:mapbox-android-telemetry:4.7.1] AndroidManifest.xml:21:13-37
63            android:initOrder="100" />
63-->[com.mapbox.mapboxsdk:mapbox-android-telemetry:4.7.1] AndroidManifest.xml:22:13-36
64
65        <service
65-->[com.mapbox.mapboxsdk:mapbox-android-telemetry:4.7.1] AndroidManifest.xml:24:9-26:72
66            android:name="com.mapbox.android.telemetry.crash.CrashReporterJobIntentService"
66-->[com.mapbox.mapboxsdk:mapbox-android-telemetry:4.7.1] AndroidManifest.xml:25:13-92
67            android:permission="android.permission.BIND_JOB_SERVICE" />
67-->[com.mapbox.mapboxsdk:mapbox-android-telemetry:4.7.1] AndroidManifest.xml:26:13-69
68
69        <provider
69-->[androidx.lifecycle:lifecycle-process:2.0.0] AndroidManifest.xml:23:9-27:43
70            android:name="androidx.lifecycle.ProcessLifecycleOwnerInitializer"
70-->[androidx.lifecycle:lifecycle-process:2.0.0] AndroidManifest.xml:24:13-79
71            android:authorities="com.example.hucklebucklebuckeye.lifecycle-process"
71-->[androidx.lifecycle:lifecycle-process:2.0.0] AndroidManifest.xml:25:13-69
72            android:exported="false"
72-->[androidx.lifecycle:lifecycle-process:2.0.0] AndroidManifest.xml:26:13-37
73            android:multiprocess="true" />
73-->[androidx.lifecycle:lifecycle-process:2.0.0] AndroidManifest.xml:27:13-40
74    </application>
75
76</manifest>